Compiling the CXX compiler identification source file "CMakeCXXCompilerId.cpp" failed.
Compiler: /usr/bin/cmake 
Build flags: 
Id flags:  

The output was:
1
CMake Error: The source directory "/home/ellie/Documents/C++/SDP_seminar/cmake-build-debug/CMakeFiles/3.8.2/CompilerIdCXX/CMakeCXXCompilerId.cpp" is a file, not a directory.
Specify --help for usage, or press the help button on the CMake GUI.


Compiling the CXX compiler identification source file "CMakeCXXCompilerId.cpp" failed.
Compiler: /usr/bin/cmake 
Build flags: 
Id flags: -c 

The output was:
1
CMake Error: The source directory "/home/ellie/Documents/C++/SDP_seminar/cmake-build-debug/CMakeFiles/3.8.2/CompilerIdCXX/CMakeCXXCompilerId.cpp" is a file, not a directory.
Specify --help for usage, or press the help button on the CMake GUI.


Checking whether the CXX compiler is IAR using "" did not match "IAR .+ Compiler":
Usage

  cmake [options] <path-to-source>
  cmake [options] <path-to-existing-build>

Specify a source directory to (re-)generate a build system for it in the
current working directory.  Specify an existing build directory to
re-generate its build system.

Run 'cmake --help' for more information.

Determining if the CXX compiler works failed with the following output:
Change Dir: /home/ellie/Documents/C++/SDP_seminar/cmake-build-debug/CMakeFiles/CMakeTmp

Run Build Command:"/usr/bin/make" "cmTC_60f6e/fast"
/usr/bin/make -f CMakeFiles/cmTC_60f6e.dir/build.make CMakeFiles/cmTC_60f6e.dir/build
make[1]: Entering directory '/home/ellie/Documents/C++/SDP_seminar/cmake-build-debug/CMakeFiles/CMakeTmp'
Building CXX object CMakeFiles/cmTC_60f6e.dir/testCXXCompiler.cxx.o
/usr/bin/cmake     -o CMakeFiles/cmTC_60f6e.dir/testCXXCompiler.cxx.o -c /home/ellie/Documents/C++/SDP_seminar/cmake-build-debug/CMakeFiles/CMakeTmp/testCXXCompiler.cxx
CMake Error: The source directory "/home/ellie/Documents/C++/SDP_seminar/cmake-build-debug/CMakeFiles/CMakeTmp/testCXXCompiler.cxx" is a file, not a directory.
Specify --help for usage, or press the help button on the CMake GUI.
CMakeFiles/cmTC_60f6e.dir/build.make:65: recipe for target 'CMakeFiles/cmTC_60f6e.dir/testCXXCompiler.cxx.o' failed
make[1]: *** [CMakeFiles/cmTC_60f6e.dir/testCXXCompiler.cxx.o] Error 1
make[1]: Leaving directory '/home/ellie/Documents/C++/SDP_seminar/cmake-build-debug/CMakeFiles/CMakeTmp'
Makefile:126: recipe for target 'cmTC_60f6e/fast' failed
make: *** [cmTC_60f6e/fast] Error 2


Compiling the CXX compiler identification source file "CMakeCXXCompilerId.cpp" failed.
Compiler: /usr/bin/cmake 
Build flags: 
Id flags:  

The output was:
1
CMake Error: The source directory "/home/ellie/Documents/C++/SDP_seminar/cmake-build-debug/CMakeFiles/3.8.2/CompilerIdCXX/CMakeCXXCompilerId.cpp" is a file, not a directory.
Specify --help for usage, or press the help button on the CMake GUI.


Compiling the CXX compiler identification source file "CMakeCXXCompilerId.cpp" failed.
Compiler: /usr/bin/cmake 
Build flags: 
Id flags: -c 

The output was:
1
CMake Error: The source directory "/home/ellie/Documents/C++/SDP_seminar/cmake-build-debug/CMakeFiles/3.8.2/CompilerIdCXX/CMakeCXXCompilerId.cpp" is a file, not a directory.
Specify --help for usage, or press the help button on the CMake GUI.


Checking whether the CXX compiler is IAR using "" did not match "IAR .+ Compiler":
Usage

  cmake [options] <path-to-source>
  cmake [options] <path-to-existing-build>

Specify a source directory to (re-)generate a build system for it in the
current working directory.  Specify an existing build directory to
re-generate its build system.

Run 'cmake --help' for more information.

Determining if the CXX compiler works failed with the following output:
Change Dir: /home/ellie/Documents/C++/SDP_seminar/cmake-build-debug/CMakeFiles/CMakeTmp

Run Build Command:"/usr/bin/make" "cmTC_b1c81/fast"
/usr/bin/make -f CMakeFiles/cmTC_b1c81.dir/build.make CMakeFiles/cmTC_b1c81.dir/build
make[1]: Entering directory '/home/ellie/Documents/C++/SDP_seminar/cmake-build-debug/CMakeFiles/CMakeTmp'
Building CXX object CMakeFiles/cmTC_b1c81.dir/testCXXCompiler.cxx.o
/usr/bin/cmake     -o CMakeFiles/cmTC_b1c81.dir/testCXXCompiler.cxx.o -c /home/ellie/Documents/C++/SDP_seminar/cmake-build-debug/CMakeFiles/CMakeTmp/testCXXCompiler.cxx
CMake Error: The source directory "/home/ellie/Documents/C++/SDP_seminar/cmake-build-debug/CMakeFiles/CMakeTmp/testCXXCompiler.cxx" is a file, not a directory.
Specify --help for usage, or press the help button on the CMake GUI.
CMakeFiles/cmTC_b1c81.dir/build.make:65: recipe for target 'CMakeFiles/cmTC_b1c81.dir/testCXXCompiler.cxx.o' failed
make[1]: *** [CMakeFiles/cmTC_b1c81.dir/testCXXCompiler.cxx.o] Error 1
make[1]: Leaving directory '/home/ellie/Documents/C++/SDP_seminar/cmake-build-debug/CMakeFiles/CMakeTmp'
Makefile:126: recipe for target 'cmTC_b1c81/fast' failed
make: *** [cmTC_b1c81/fast] Error 2


Compiling the CXX compiler identification source file "CMakeCXXCompilerId.cpp" failed.
Compiler: /usr/bin/cmake 
Build flags: 
Id flags:  

The output was:
1
CMake Error: The source directory "/home/ellie/Documents/C++/SDP_seminar/cmake-build-debug/CMakeFiles/3.8.2/CompilerIdCXX/CMakeCXXCompilerId.cpp" is a file, not a directory.
Specify --help for usage, or press the help button on the CMake GUI.


Compiling the CXX compiler identification source file "CMakeCXXCompilerId.cpp" failed.
Compiler: /usr/bin/cmake 
Build flags: 
Id flags: -c 

The output was:
1
CMake Error: The source directory "/home/ellie/Documents/C++/SDP_seminar/cmake-build-debug/CMakeFiles/3.8.2/CompilerIdCXX/CMakeCXXCompilerId.cpp" is a file, not a directory.
Specify --help for usage, or press the help button on the CMake GUI.


Checking whether the CXX compiler is IAR using "" did not match "IAR .+ Compiler":
Usage

  cmake [options] <path-to-source>
  cmake [options] <path-to-existing-build>

Specify a source directory to (re-)generate a build system for it in the
current working directory.  Specify an existing build directory to
re-generate its build system.

Run 'cmake --help' for more information.

Determining if the CXX compiler works failed with the following output:
Change Dir: /home/ellie/Documents/C++/SDP_seminar/cmake-build-debug/CMakeFiles/CMakeTmp

Run Build Command:"/usr/bin/make" "cmTC_91bb9/fast"
/usr/bin/make -f CMakeFiles/cmTC_91bb9.dir/build.make CMakeFiles/cmTC_91bb9.dir/build
make[1]: Entering directory '/home/ellie/Documents/C++/SDP_seminar/cmake-build-debug/CMakeFiles/CMakeTmp'
Building CXX object CMakeFiles/cmTC_91bb9.dir/testCXXCompiler.cxx.o
/usr/bin/cmake     -o CMakeFiles/cmTC_91bb9.dir/testCXXCompiler.cxx.o -c /home/ellie/Documents/C++/SDP_seminar/cmake-build-debug/CMakeFiles/CMakeTmp/testCXXCompiler.cxx
CMake Error: The source directory "/home/ellie/Documents/C++/SDP_seminar/cmake-build-debug/CMakeFiles/CMakeTmp/testCXXCompiler.cxx" is a file, not a directory.
Specify --help for usage, or press the help button on the CMake GUI.
CMakeFiles/cmTC_91bb9.dir/build.make:65: recipe for target 'CMakeFiles/cmTC_91bb9.dir/testCXXCompiler.cxx.o' failed
make[1]: *** [CMakeFiles/cmTC_91bb9.dir/testCXXCompiler.cxx.o] Error 1
make[1]: Leaving directory '/home/ellie/Documents/C++/SDP_seminar/cmake-build-debug/CMakeFiles/CMakeTmp'
Makefile:126: recipe for target 'cmTC_91bb9/fast' failed
make: *** [cmTC_91bb9/fast] Error 2


